2025-10-07 21:26:50.567 [main] DEBUG io.ktor.server.Application - Java Home: C:\Program Files\Java
2025-10-07 21:26:50.569 [main] DEBUG io.ktor.server.Application - Class Loader: jdk.internal.loader.ClassLoaders$AppClassLoader@11a4022a: [file:/C:/Users/Michal/AndroidStudioProjects/Portfolio/site/.kobweb/server/server.jar!/okio/]
2025-10-07 21:26:50.606 [main] DEBUG io.ktor.server.Application - Failed to load module 'com.varabyte.kobweb.server.ApplicationKt$main$engine$1.invoke' by classpath reference, falling back to currently loaded value
io.ktor.server.engine.internal.ReloadingException: Module function cannot be found for the fully qualified name 'com.varabyte.kobweb.server.ApplicationKt$main$engine$1.invoke'
	at io.ktor.server.engine.internal.CallableUtilsKt.executeModuleFunction(CallableUtils.kt:68)
	at io.ktor.server.engine.EmbeddedServer$launchModuleByName$2.invokeSuspend(EmbeddedServerJvm.kt:443)
	at io.ktor.server.engine.EmbeddedServer$launchModuleByName$2.invoke(EmbeddedServerJvm.kt)
	at io.ktor.server.engine.EmbeddedServer$launchModuleByName$2.invoke(EmbeddedServerJvm.kt)
	at io.ktor.server.engine.EmbeddedServer.avoidingDoubleStartupFor(EmbeddedServerJvm.kt:469)
	at io.ktor.server.engine.EmbeddedServer.launchModuleByName(EmbeddedServerJvm.kt:442)
	at io.ktor.server.engine.EmbeddedServer.access$launchModuleByName(EmbeddedServerJvm.kt:33)
	at io.ktor.server.engine.EmbeddedServer$toDynamicModuleOrNull$1.invokeSuspend(EmbeddedServerJvm.kt:425)
	at io.ktor.server.engine.EmbeddedServer$toDynamicModuleOrNull$1.invoke(EmbeddedServerJvm.kt)
	at io.ktor.server.engine.EmbeddedServer$toDynamicModuleOrNull$1.invoke(EmbeddedServerJvm.kt)
	at io.ktor.server.application.ApplicationModules_jvmKt$LoadSequentially$1.loadModules(ApplicationModules.jvm.kt:75)
	at io.ktor.server.engine.EmbeddedServer$instantiateAndConfigureApplication$1$1.invokeSuspend(EmbeddedServerJvm.kt:385)
	at io.ktor.server.engine.EmbeddedServer$instantiateAndConfigureApplication$1$1.invoke(EmbeddedServerJvm.kt)
	at io.ktor.server.engine.EmbeddedServer$instantiateAndConfigureApplication$1$1.invoke(EmbeddedServerJvm.kt)
	at kotlinx.coroutines.intrinsics.UndispatchedKt.startUndspatched(Undispatched.kt:66)
	at kotlinx.coroutines.intrinsics.UndispatchedKt.startUndispatchedOrReturnIgnoreTimeout(Undispatched.kt:50)
	at kotlinx.coroutines.TimeoutKt.setupTimeout(Timeout.kt:149)
	at kotlinx.coroutines.TimeoutKt.withTimeout(Timeout.kt:44)
	at kotlinx.coroutines.TimeoutKt.withTimeout-KLykuaI(Timeout.kt:72)
	at io.ktor.server.engine.EmbeddedServer$instantiateAndConfigureApplication$1.invokeSuspend(EmbeddedServerJvm.kt:384)
	at io.ktor.server.engine.EmbeddedServer$instantiateAndConfigureApplication$1.invoke(EmbeddedServerJvm.kt)
	at io.ktor.server.engine.EmbeddedServer$instantiateAndConfigureApplication$1.invoke(EmbeddedServerJvm.kt)
	at io.ktor.server.engine.EmbeddedServer$avoidingDoubleStartup$1.invokeSuspend(EmbeddedServerJvm.kt:450)
	at kotlin.coroutines.jvm.internal.BaseContinuationImpl.resumeWith(ContinuationImpl.kt:34)
	at kotlinx.coroutines.DispatchedTask.run(DispatchedTask.kt:100)
	at kotlinx.coroutines.EventLoopImplBase.processNextEvent(EventLoop.common.kt:263)
	at kotlinx.coroutines.BlockingCoroutine.joinBlocking(Builders.kt:94)
	at kotlinx.coroutines.BuildersKt__BuildersKt.runBlocking(Builders.kt:70)
	at kotlinx.coroutines.BuildersKt.runBlocking(Unknown Source)
	at kotlinx.coroutines.BuildersKt__BuildersKt.runBlocking$default(Builders.kt:48)
	at kotlinx.coroutines.BuildersKt.runBlocking$default(Unknown Source)
	at io.ktor.server.engine.EmbeddedServer.avoidingDoubleStartup(EmbeddedServerJvm.kt:449)
	at io.ktor.server.engine.EmbeddedServer.instantiateAndConfigureApplication(EmbeddedServerJvm.kt:383)
	at io.ktor.server.engine.EmbeddedServer.createApplication(EmbeddedServerJvm.kt:169)
	at io.ktor.server.engine.EmbeddedServer.start(EmbeddedServerJvm.kt:314)
	at io.ktor.server.engine.EmbeddedServer.start$default(EmbeddedServerJvm.kt:309)
	at com.varabyte.kobweb.server.ApplicationKt.main(Application.kt:138)
	at com.varabyte.kobweb.server.ApplicationKt$main$6.invoke(Application.kt)
	at com.varabyte.kobweb.server.ApplicationKt$main$6.invoke(Application.kt)
	at kotlin.coroutines.intrinsics.IntrinsicsKt__IntrinsicsJvmKt$createCoroutineUnintercepted$$inlined$createCoroutineFromSuspendFunction$IntrinsicsKt__IntrinsicsJvmKt$1.invokeSuspend(IntrinsicsJvm.kt:270)
	at kotlin.coroutines.jvm.internal.BaseContinuationImpl.resumeWith(ContinuationImpl.kt:34)
	at kotlin.coroutines.ContinuationKt.startCoroutine(Continuation.kt:115)
	at kotlin.coroutines.jvm.internal.RunSuspendKt.runSuspend(RunSuspend.kt:19)
	at com.varabyte.kobweb.server.ApplicationKt.main(Application.kt)
2025-10-07 21:26:50.607 [main] INFO  io.ktor.server.Application - Initializing server engine for Kobweb project "Portfolio"
2025-10-07 21:26:50.610 [main] WARN  io.ktor.server.Application - API jar specified but does not exist! Please fix conf.yaml, updating the path (or removing the value if you aren't declaring API endpoints). Invalid path: "build\libs\portfolio.jar"
2025-10-07 21:26:50.676 [main] INFO  io.ktor.server.Application - CORS: No hosts registered.
2025-10-07 21:26:50.698 [main] INFO  io.ktor.server.Application - Application started in 0.329 seconds.
2025-10-07 21:26:50.868 [main] INFO  io.ktor.server.Application - Responding at http://127.0.0.1:8080
2025-10-07 21:27:26.071 [eventLoopGroupProxy-4-1] DEBUG io.ktor.server.Application - Served fallback index.html file in response to "/achievements"
2025-10-07 21:27:30.061 [DefaultDispatcher-worker-3] DEBUG io.ktor.server.Application - Served fallback index.html file in response to "/education"
2025-10-07 21:27:31.253 [DefaultDispatcher-worker-1] DEBUG io.ktor.server.Application - Served fallback index.html file in response to "/experience"
2025-10-07 21:27:32.097 [DefaultDispatcher-worker-4] DEBUG io.ktor.server.Application - Served fallback index.html file in response to "/"
2025-10-07 21:27:33.232 [DefaultDispatcher-worker-3] DEBUG io.ktor.server.Application - Served fallback index.html file in response to "/project-description"
2025-10-07 21:27:33.998 [DefaultDispatcher-worker-4] DEBUG io.ktor.server.Application - Served fallback index.html file in response to "/projects"
2025-10-07 21:27:35.257 [DefaultDispatcher-worker-5] DEBUG io.ktor.server.Application - Served fallback index.html file in response to "/skills"
2025-10-07 21:27:36.526 [DefaultDispatcher-worker-5] DEBUG io.ktor.server.Application - Served fallback index.html file in response to "/about"
2025-10-07 21:27:38.106 [kotlinx.coroutines.DefaultExecutor] INFO  io.ktor.server.Application - Kobweb server shutting down...
2025-10-07 21:27:39.117 [kotlinx.coroutines.DefaultExecutor] INFO  io.ktor.server.Application - Server finished shutting down.
